<?xml version="1.0" encoding="UTF-8" standalone="yes"?><!DOCTYPE report PUBLIC "-//JACOCO//DTD Report 1.0//EN" "report.dtd"><report name="client"><sessioninfo id="MollysMcBookAir-251d4cca" start="1493149865147" dump="1493149881917"/><sessioninfo id="MollysMcBookAir-6bcd8f2d" start="1493149882789" dump="1493149885313"/><sessioninfo id="MollysMcBookAir-87195902" start="1493150180664" dump="1493150192886"/><sessioninfo id="MollysMcBookAir-ec91e42d" start="1493150193805" dump="1493150196257"/><package name="org/honton/chas/datadog/apm/api"><class name="org/honton/chas/datadog/apm/api/Trace"><method name="getSpans" desc="()Ljava/util/List;" line="19"><counter type="INSTRUCTION" missed="0" covered="3"/><counter type="LINE" missed="0" covered="1"/><counter type="COMPLEXITY" missed="0" covered="1"/><counter type="METHOD" missed="0" covered="1"/></method><method name="&lt;init&gt;" desc="(Ljava/util/List;)V" line="23"><counter type="INSTRUCTION" missed="0" covered="6"/><counter type="LINE" missed="0" covered="3"/><counter type="COMPLEXITY" missed="0" covered="1"/><counter type="METHOD" missed="0" covered="1"/></method><method name="&lt;init&gt;" desc="([Lorg/honton/chas/datadog/apm/api/Span;)V" line="28"><counter type="INSTRUCTION" missed="0" covered="5"/><counter type="LINE" missed="0" covered="2"/><counter type="COMPLEXITY" missed="0" covered="1"/><counter type="METHOD" missed="0" covered="1"/></method><counter type="INSTRUCTION" missed="0" covered="14"/><counter type="LINE" missed="0" covered="6"/><counter type="COMPLEXITY" missed="0" covered="3"/><counter type="METHOD" missed="0" covered="3"/><counter type="CLASS" missed="0" covered="1"/></class><class name="org/honton/chas/datadog/apm/api/ServiceData"><method name="&lt;init&gt;" desc="(Ljava/lang/String;Ljava/lang/String;)V" line="8"><counter type="INSTRUCTION" missed="0" covered="9"/><counter type="LINE" missed="0" covered="1"/><counter type="COMPLEXITY" missed="0" covered="1"/><counter type="METHOD" missed="0" covered="1"/></method><method name="getApp" desc="()Ljava/lang/String;" line="15"><counter type="INSTRUCTION" missed="0" covered="3"/><counter type="LINE" missed="0" covered="1"/><counter type="COMPLEXITY" missed="0" covered="1"/><counter type="METHOD" missed="0" covered="1"/></method><method name="getAppType" desc="()Ljava/lang/String;" line="21"><counter type="INSTRUCTION" missed="0" covered="3"/><counter type="LINE" missed="0" covered="1"/><counter type="COMPLEXITY" missed="0" covered="1"/><counter type="METHOD" missed="0" covered="1"/></method><method name="equals" desc="(Ljava/lang/Object;)Z" line="8"><counter type="INSTRUCTION" missed="0" covered="49"/><counter type="BRANCH" missed="1" covered="15"/><counter type="LINE" missed="0" covered="1"/><counter type="COMPLEXITY" missed="1" covered="8"/><counter type="METHOD" missed="0" covered="1"/></method><method name="hashCode" desc="()I" line="8"><counter type="INSTRUCTION" missed="0" covered="34"/><counter type="BRANCH" missed="0" covered="4"/><counter type="LINE" missed="0" covered="1"/><counter type="COMPLEXITY" missed="0" covered="3"/><counter type="METHOD" missed="0" covered="1"/></method><method name="toString" desc="()Ljava/lang/String;" line="8"><counter type="INSTRUCTION" missed="0" covered="17"/><counter type="LINE" missed="0" covered="1"/><counter type="COMPLEXITY" missed="0" covered="1"/><counter type="METHOD" missed="0" covered="1"/></method><counter type="INSTRUCTION" missed="0" covered="115"/><counter type="BRANCH" missed="1" covered="19"/><counter type="LINE" missed="0" covered="3"/><counter type="COMPLEXITY" missed="1" covered="15"/><counter type="METHOD" missed="0" covered="6"/><counter type="CLASS" missed="0" covered="1"/></class><class name="org/honton/chas/datadog/apm/api/Span"><method name="&lt;init&gt;" desc="(Ljava/lang/String;Ljava/lang/String;Ljava/lang/String;JLjava/lang/Long;JLjava/lang/String;Ljava/util/Map;Ljava/util/Map;IJJ)V" line="13"><counter type="INSTRUCTION" missed="0" covered="39"/><counter type="LINE" missed="0" covered="1"/><counter type="COMPLEXITY" missed="0" covered="1"/><counter type="METHOD" missed="0" covered="1"/></method><method name="getService" desc="()Ljava/lang/String;" line="20"><counter type="INSTRUCTION" missed="0" covered="3"/><counter type="LINE" missed="0" covered="1"/><counter type="COMPLEXITY" missed="0" covered="1"/><counter type="METHOD" missed="0" covered="1"/></method><method name="getResource" desc="()Ljava/lang/String;" line="25"><counter type="INSTRUCTION" missed="0" covered="3"/><counter type="LINE" missed="0" covered="1"/><counter type="COMPLEXITY" missed="0" covered="1"/><counter type="METHOD" missed="0" covered="1"/></method><method name="getOperation" desc="()Ljava/lang/String;" line="31"><counter type="INSTRUCTION" missed="0" covered="3"/><counter type="LINE" missed="0" covered="1"/><counter type="COMPLEXITY" missed="0" covered="1"/><counter type="METHOD" missed="0" covered="1"/></method><method name="getTraceId" desc="()J" line="37"><counter type="INSTRUCTION" missed="0" covered="3"/><counter type="LINE" missed="0" covered="1"/><counter type="COMPLEXITY" missed="0" covered="1"/><counter type="METHOD" missed="0" covered="1"/></method><method name="getParentId" desc="()Ljava/lang/Long;" line="43"><counter type="INSTRUCTION" missed="0" covered="3"/><counter type="LINE" missed="0" covered="1"/><counter type="COMPLEXITY" missed="0" covered="1"/><counter type="METHOD" missed="0" covered="1"/></method><method name="getSpanId" desc="()J" line="49"><counter type="INSTRUCTION" missed="0" covered="3"/><counter type="LINE" missed="0" covered="1"/><counter type="COMPLEXITY" missed="0" covered="1"/><counter type="METHOD" missed="0" covered="1"/></method><method name="getType" desc="()Ljava/lang/String;" line="54"><counter type="INSTRUCTION" missed="0" covered="3"/><counter type="LINE" missed="0" covered="1"/><counter type="COMPLEXITY" missed="0" covered="1"/><counter type="METHOD" missed="0" covered="1"/></method><method name="getMeta" desc="()Ljava/util/Map;" line="59"><counter type="INSTRUCTION" missed="0" covered="3"/><counter type="LINE" missed="0" covered="1"/><counter type="COMPLEXITY" missed="0" covered="1"/><counter type="METHOD" missed="0" covered="1"/></method><method name="getMetrics" desc="()Ljava/util/Map;" line="64"><counter type="INSTRUCTION" missed="0" covered="3"/><counter type="LINE" missed="0" covered="1"/><counter type="COMPLEXITY" missed="0" covered="1"/><counter type="METHOD" missed="0" covered="1"/></method><method name="getError" desc="()I" line="69"><counter type="INSTRUCTION" missed="0" covered="3"/><counter type="LINE" missed="0" covered="1"/><counter type="COMPLEXITY" missed="0" covered="1"/><counter type="METHOD" missed="0" covered="1"/></method><method name="getStart" desc="()J" line="74"><counter type="INSTRUCTION" missed="0" covered="3"/><counter type="LINE" missed="0" covered="1"/><counter type="COMPLEXITY" missed="0" covered="1"/><counter type="METHOD" missed="0" covered="1"/></method><method name="getDuration" desc="()J" line="79"><counter type="INSTRUCTION" missed="0" covered="3"/><counter type="LINE" missed="0" covered="1"/><counter type="COMPLEXITY" missed="0" covered="1"/><counter type="METHOD" missed="0" covered="1"/></method><method name="equals" desc="(Ljava/lang/Object;)Z" line="13"><counter type="INSTRUCTION" missed="0" covered="173"/><counter type="BRANCH" missed="6" covered="50"/><counter type="LINE" missed="0" covered="1"/><counter type="COMPLEXITY" missed="6" covered="23"/><counter type="METHOD" missed="0" covered="1"/></method><method name="hashCode" desc="()I" line="13"><counter type="INSTRUCTION" missed="0" covered="167"/><counter type="BRANCH" missed="0" covered="14"/><counter type="LINE" missed="0" covered="1"/><counter type="COMPLEXITY" missed="0" covered="8"/><counter type="METHOD" missed="0" covered="1"/></method><method name="toString" desc="()Ljava/lang/String;" line="13"><counter type="INSTRUCTION" missed="0" covered="67"/><counter type="LINE" missed="0" covered="1"/><counter type="COMPLEXITY" missed="0" covered="1"/><counter type="METHOD" missed="0" covered="1"/></method><counter type="INSTRUCTION" missed="0" covered="482"/><counter type="BRANCH" missed="6" covered="64"/><counter type="LINE" missed="0" covered="13"/><counter type="COMPLEXITY" missed="6" covered="45"/><counter type="METHOD" missed="0" covered="16"/><counter type="CLASS" missed="0" covered="1"/></class><sourcefile name="Trace.java"><line nr="19" mi="0" ci="3" mb="0" cb="0"/><line nr="23" mi="0" ci="2" mb="0" cb="0"/><line nr="24" mi="0" ci="3" mb="0" cb="0"/><line nr="25" mi="0" ci="1" mb="0" cb="0"/><line nr="28" mi="0" ci="4" mb="0" cb="0"/><line nr="29" mi="0" ci="1" mb="0" cb="0"/><counter type="INSTRUCTION" missed="0" covered="14"/><counter type="LINE" missed="0" covered="6"/><counter type="COMPLEXITY" missed="0" covered="3"/><counter type="METHOD" missed="0" covered="3"/><counter type="CLASS" missed="0" covered="1"/></sourcefile><sourcefile name="Span.java"><line nr="13" mi="0" ci="446" mb="6" cb="64"/><line nr="20" mi="0" ci="3" mb="0" cb="0"/><line nr="25" mi="0" ci="3" mb="0" cb="0"/><line nr="31" mi="0" ci="3" mb="0" cb="0"/><line nr="37" mi="0" ci="3" mb="0" cb="0"/><line nr="43" mi="0" ci="3" mb="0" cb="0"/><line nr="49" mi="0" ci="3" mb="0" cb="0"/><line nr="54" mi="0" ci="3" mb="0" cb="0"/><line nr="59" mi="0" ci="3" mb="0" cb="0"/><line nr="64" mi="0" ci="3" mb="0" cb="0"/><line nr="69" mi="0" ci="3" mb="0" cb="0"/><line nr="74" mi="0" ci="3" mb="0" cb="0"/><line nr="79" mi="0" ci="3" mb="0" cb="0"/><counter type="INSTRUCTION" missed="0" covered="482"/><counter type="BRANCH" missed="6" covered="64"/><counter type="LINE" missed="0" covered="13"/><counter type="COMPLEXITY" missed="6" covered="45"/><counter type="METHOD" missed="0" covered="16"/><counter type="CLASS" missed="0" covered="1"/></sourcefile><sourcefile name="ServiceData.java"><line nr="8" mi="0" ci="109" mb="1" cb="19"/><line nr="15" mi="0" ci="3" mb="0" cb="0"/><line nr="21" mi="0" ci="3" mb="0" cb="0"/><counter type="INSTRUCTION" missed="0" covered="115"/><counter type="BRANCH" missed="1" covered="19"/><counter type="LINE" missed="0" covered="3"/><counter type="COMPLEXITY" missed="1" covered="15"/><counter type="METHOD" missed="0" covered="6"/><counter type="CLASS" missed="0" covered="1"/></sourcefile><counter type="INSTRUCTION" missed="0" covered="611"/><counter type="BRANCH" missed="7" covered="83"/><counter type="LINE" missed="0" covered="22"/><counter type="COMPLEXITY" missed="7" covered="63"/><counter type="METHOD" missed="0" covered="25"/><counter type="CLASS" missed="0" covered="3"/></package><package name="org/honton/chas/datadog/apm/servlet"><class name="org/honton/chas/datadog/apm/servlet/TraceServletFilter"><method name="&lt;init&gt;" desc="()V" line="22"><counter type="INSTRUCTION" missed="0" covered="3"/><counter type="LINE" missed="0" covered="1"/><counter type="COMPLEXITY" missed="0" covered="1"/><counter type="METHOD" missed="0" covered="1"/></method><method name="setTracer" desc="(Lorg/honton/chas/datadog/apm/Tracer;)V" line="28"><counter type="INSTRUCTION" missed="0" covered="4"/><counter type="LINE" missed="0" covered="2"/><counter type="COMPLEXITY" missed="0" covered="1"/><counter type="METHOD" missed="0" covered="1"/></method><method name="init" desc="(Ljavax/servlet/FilterConfig;)V" line="33"><counter type="INSTRUCTION" missed="1" covered="0"/><counter type="LINE" missed="1" covered="0"/><counter type="COMPLEXITY" missed="1" covered="0"/><counter type="METHOD" missed="1" covered="0"/></method><method name="doFilter" desc="(Ljavax/servlet/ServletRequest;Ljavax/servlet/ServletResponse;Ljavax/servlet/FilterChain;)V" line="39"><counter type="INSTRUCTION" missed="20" covered="73"/><counter type="BRANCH" missed="5" covered="3"/><counter type="LINE" missed="0" covered="13"/><counter type="COMPLEXITY" missed="3" covered="2"/><counter type="METHOD" missed="0" covered="1"/></method><method name="destroy" desc="()V" line="64"><counter type="INSTRUCTION" missed="1" covered="0"/><counter type="LINE" missed="1" covered="0"/><counter type="COMPLEXITY" missed="1" covered="0"/><counter type="METHOD" missed="1" covered="0"/></method><counter type="INSTRUCTION" missed="22" covered="80"/><counter type="BRANCH" missed="5" covered="3"/><counter type="LINE" missed="2" covered="16"/><counter type="COMPLEXITY" missed="5" covered="4"/><counter type="METHOD" missed="2" covered="3"/><counter type="CLASS" missed="0" covered="1"/></class><class name="org/honton/chas/datadog/apm/servlet/TraceServletFilter$1"><method name="&lt;init&gt;" desc="(Lorg/honton/chas/datadog/apm/servlet/TraceServletFilter;Ljavax/servlet/http/HttpServletRequest;)V" line="42"><counter type="INSTRUCTION" missed="0" covered="9"/><counter type="LINE" missed="0" covered="1"/><counter type="COMPLEXITY" missed="0" covered="1"/><counter type="METHOD" missed="0" covered="1"/></method><method name="getValue" desc="(Ljava/lang/String;)Ljava/lang/String;" line="45"><counter type="INSTRUCTION" missed="0" covered="5"/><counter type="LINE" missed="0" covered="1"/><counter type="COMPLEXITY" missed="0" covered="1"/><counter type="METHOD" missed="0" covered="1"/></method><counter type="INSTRUCTION" missed="0" covered="14"/><counter type="LINE" missed="0" covered="2"/><counter type="COMPLEXITY" missed="0" covered="2"/><counter type="METHOD" missed="0" covered="2"/><counter type="CLASS" missed="0" covered="1"/></class><sourcefile name="TraceServletFilter.java"><line nr="22" mi="0" ci="3" mb="0" cb="0"/><line nr="28" mi="0" ci="3" mb="0" cb="0"/><line nr="29" mi="0" ci="1" mb="0" cb="0"/><line nr="33" mi="1" ci="0" mb="0" cb="0"/><line nr="39" mi="0" ci="3" mb="0" cb="0"/><line nr="40" mi="0" ci="3" mb="0" cb="0"/><line nr="42" mi="0" ci="18" mb="0" cb="0"/><line nr="45" mi="0" ci="5" mb="0" cb="0"/><line nr="49" mi="0" ci="20" mb="0" cb="0"/><line nr="50" mi="0" ci="12" mb="0" cb="0"/><line nr="51" mi="0" ci="3" mb="0" cb="0"/><line nr="52" mi="0" ci="4" mb="0" cb="0"/><line nr="54" mi="4" ci="3" mb="0" cb="0"/><line nr="55" mi="6" ci="6" mb="5" cb="3"/><line nr="56" mi="4" ci="4" mb="0" cb="0"/><line nr="58" mi="4" ci="4" mb="0" cb="0"/><line nr="59" mi="2" ci="1" mb="0" cb="0"/><line nr="60" mi="0" ci="1" mb="0" cb="0"/><line nr="64" mi="1" ci="0" mb="0" cb="0"/><counter type="INSTRUCTION" missed="22" covered="94"/><counter type="BRANCH" missed="5" covered="3"/><counter type="LINE" missed="2" covered="17"/><counter type="COMPLEXITY" missed="5" covered="6"/><counter type="METHOD" missed="2" covered="5"/><counter type="CLASS" missed="0" covered="2"/></sourcefile><counter type="INSTRUCTION" missed="22" covered="94"/><counter type="BRANCH" missed="5" covered="3"/><counter type="LINE" missed="2" covered="17"/><counter type="COMPLEXITY" missed="5" covered="6"/><counter type="METHOD" missed="2" covered="5"/><counter type="CLASS" missed="0" covered="2"/></package><package name="org/honton/chas/datadog/apm/proxy"><class name="org/honton/chas/datadog/apm/proxy/ProxyFactory$1"><method name="&lt;init&gt;" desc="(Lorg/honton/chas/datadog/apm/proxy/ProxyFactory;Ljava/lang/Object;)V" line="49"><counter type="INSTRUCTION" missed="0" covered="9"/><counter type="LINE" missed="0" covered="1"/><counter type="COMPLEXITY" missed="0" covered="1"/><counter type="METHOD" missed="0" covered="1"/></method><method name="invoke" desc="(Ljava/lang/Object;Ljava/lang/reflect/Method;[Ljava/lang/Object;)Ljava/lang/Object;" line="52"><counter type="INSTRUCTION" missed="0" covered="54"/><counter type="LINE" missed="0" covered="8"/><counter type="COMPLEXITY" missed="0" covered="1"/><counter type="METHOD" missed="0" covered="1"/></method><counter type="INSTRUCTION" missed="0" covered="63"/><counter type="LINE" missed="0" covered="9"/><counter type="COMPLEXITY" missed="0" covered="2"/><counter type="METHOD" missed="0" covered="2"/><counter type="CLASS" missed="0" covered="1"/></class><class name="org/honton/chas/datadog/apm/proxy/ProxyFactory"><method name="&lt;init&gt;" desc="()V" line="15"><counter type="INSTRUCTION" missed="0" covered="3"/><counter type="LINE" missed="0" covered="1"/><counter type="COMPLEXITY" missed="0" covered="1"/><counter type="METHOD" missed="0" covered="1"/></method><method name="createProxy" desc="(Ljava/lang/Object;Ljava/lang/Class;)Ljava/lang/Object;" line="29"><counter type="INSTRUCTION" missed="3" covered="10"/><counter type="LINE" missed="1" covered="1"/><counter type="COMPLEXITY" missed="0" covered="1"/><counter type="METHOD" missed="0" covered="1"/></method><method name="createProxy" desc="(Ljava/lang/Object;[Ljava/lang/Class;)Ljava/lang/Object;" line="42"><counter type="INSTRUCTION" missed="3" covered="11"/><counter type="LINE" missed="1" covered="2"/><counter type="COMPLEXITY" missed="0" covered="1"/><counter type="METHOD" missed="0" covered="1"/></method><method name="createInvocationHandler" desc="(Ljava/lang/Object;)Ljava/lang/reflect/InvocationHandler;" line="49"><counter type="INSTRUCTION" missed="0" covered="6"/><counter type="LINE" missed="0" covered="1"/><counter type="COMPLEXITY" missed="0" covered="1"/><counter type="METHOD" missed="0" covered="1"/></method><counter type="INSTRUCTION" missed="6" covered="30"/><counter type="LINE" missed="2" covered="5"/><counter type="COMPLEXITY" missed="0" covered="4"/><counter type="METHOD" missed="0" covered="4"/><counter type="CLASS" missed="0" covered="1"/></class><sourcefile name="ProxyFactory.java"><line nr="15" mi="0" ci="3" mb="0" cb="0"/><line nr="29" mi="3" ci="0" mb="0" cb="0"/><line nr="31" mi="0" ci="10" mb="0" cb="0"/><line nr="42" mi="3" ci="0" mb="0" cb="0"/><line nr="44" mi="0" ci="4" mb="0" cb="0"/><line nr="45" mi="0" ci="7" mb="0" cb="0"/><line nr="49" mi="0" ci="15" mb="0" cb="0"/><line nr="52" mi="0" ci="5" mb="0" cb="0"/><line nr="54" mi="0" ci="8" mb="0" cb="0"/><line nr="56" mi="0" ci="1" mb="0" cb="0"/><line nr="57" mi="0" ci="3" mb="0" cb="0"/><line nr="58" mi="0" ci="4" mb="0" cb="0"/><line nr="59" mi="0" ci="2" mb="0" cb="0"/><line nr="62" mi="0" ci="19" mb="0" cb="0"/><line nr="63" mi="0" ci="12" mb="0" cb="0"/><counter type="INSTRUCTION" missed="6" covered="93"/><counter type="LINE" missed="2" covered="13"/><counter type="COMPLEXITY" missed="0" covered="6"/><counter type="METHOD" missed="0" covered="6"/><counter type="CLASS" missed="0" covered="2"/></sourcefile><counter type="INSTRUCTION" missed="6" covered="93"/><counter type="LINE" missed="2" covered="13"/><counter type="COMPLEXITY" missed="0" covered="6"/><counter type="METHOD" missed="0" covered="6"/><counter type="CLASS" missed="0" covered="2"/></package><package name="org/honton/chas/datadog/apm/sender"><class name="org/honton/chas/datadog/apm/sender/Writer$1"><method name="&lt;init&gt;" desc="(Lorg/honton/chas/datadog/apm/sender/Writer;Ljava/lang/String;)V" line="122"><counter type="INSTRUCTION" missed="0" covered="10"/><counter type="LINE" missed="0" covered="3"/><counter type="COMPLEXITY" missed="0" covered="1"/><counter type="METHOD" missed="0" covered="1"/></method><method name="run" desc="()V" line="130"><counter type="INSTRUCTION" missed="0" covered="16"/><counter type="BRANCH" missed="0" covered="2"/><counter type="LINE" missed="0" covered="7"/><counter type="COMPLEXITY" missed="0" covered="2"/><counter type="METHOD" missed="0" covered="1"/></method><counter type="INSTRUCTION" missed="0" covered="26"/><counter type="BRANCH" missed="0" covered="2"/><counter type="LINE" missed="0" covered="10"/><counter type="COMPLEXITY" missed="0" covered="3"/><counter type="METHOD" missed="0" covered="2"/><counter type="CLASS" missed="0" covered="1"/></class><class name="org/honton/chas/datadog/apm/sender/TraceQueue"><method name="&lt;init&gt;" desc="()V" line="12"><counter type="INSTRUCTION" missed="0" covered="3"/><counter type="LINE" missed="0" covered="1"/><counter type="COMPLEXITY" missed="0" covered="1"/><counter type="METHOD" missed="0" covered="1"/></method><method name="supply" desc="(Lorg/honton/chas/datadog/apm/api/Span;)V" line="22"><counter type="INSTRUCTION" missed="5" covered="23"/><counter type="BRANCH" missed="0" covered="2"/><counter type="LINE" missed="0" covered="7"/><counter type="COMPLEXITY" missed="0" covered="2"/><counter type="METHOD" missed="0" covered="1"/></method><method name="consume" desc="()Ljava/util/List;" line="40"><counter type="INSTRUCTION" missed="0" covered="26"/><counter type="BRANCH" missed="0" covered="2"/><counter type="LINE" missed="0" covered="7"/><counter type="COMPLEXITY" missed="0" covered="2"/><counter type="METHOD" missed="0" covered="1"/></method><counter type="INSTRUCTION" missed="5" covered="52"/><counter type="BRANCH" missed="0" covered="4"/><counter type="LINE" missed="0" covered="15"/><counter type="COMPLEXITY" missed="0" covered="5"/><counter type="METHOD" missed="0" covered="3"/><counter type="CLASS" missed="0" covered="1"/></class><class name="org/honton/chas/datadog/apm/sender/Writer"><method name="&lt;init&gt;" desc="()V" line="23"><counter type="INSTRUCTION" missed="0" covered="3"/><counter type="LINE" missed="0" covered="1"/><counter type="COMPLEXITY" missed="0" covered="1"/><counter type="METHOD" missed="0" covered="1"/></method><method name="setTraceConfiguration" desc="(Lorg/honton/chas/datadog/apm/TraceConfiguration;)V" line="35"><counter type="INSTRUCTION" missed="0" covered="9"/><counter type="LINE" missed="0" covered="3"/><counter type="COMPLEXITY" missed="0" covered="1"/><counter type="METHOD" missed="0" covered="1"/></method><method name="initialize" desc="()V" line="41"><counter type="INSTRUCTION" missed="0" covered="10"/><counter type="LINE" missed="0" covered="4"/><counter type="COMPLEXITY" missed="0" covered="1"/><counter type="METHOD" missed="0" covered="1"/></method><method name="queue" desc="(Lorg/honton/chas/datadog/apm/api/Span;)V" line="53"><counter type="INSTRUCTION" missed="0" covered="9"/><counter type="BRANCH" missed="1" covered="1"/><counter type="LINE" missed="0" covered="4"/><counter type="COMPLEXITY" missed="1" covered="1"/><counter type="METHOD" missed="0" covered="1"/></method><method name="stop" desc="()V" line="63"><counter type="INSTRUCTION" missed="0" covered="4"/><counter type="LINE" missed="0" covered="2"/><counter type="COMPLEXITY" missed="0" covered="1"/><counter type="METHOD" missed="0" covered="1"/></method><method name="isStopped" desc="()Z" line="70"><counter type="INSTRUCTION" missed="0" covered="7"/><counter type="BRANCH" missed="0" covered="2"/><counter type="LINE" missed="0" covered="1"/><counter type="COMPLEXITY" missed="0" covered="2"/><counter type="METHOD" missed="0" covered="1"/></method><method name="consumeAndSend" desc="()Ljava/util/List;" line="80"><counter type="INSTRUCTION" missed="0" covered="10"/><counter type="LINE" missed="0" covered="4"/><counter type="COMPLEXITY" missed="0" covered="1"/><counter type="METHOD" missed="0" covered="1"/></method><method name="trySend" desc="(Ljava/util/List;)V" line="88"><counter type="INSTRUCTION" missed="0" covered="29"/><counter type="BRANCH" missed="1" covered="1"/><counter type="LINE" missed="0" covered="7"/><counter type="COMPLEXITY" missed="1" covered="1"/><counter type="METHOD" missed="0" covered="1"/></method><method name="send" desc="(Ljava/util/List;)V" line="100"><counter type="INSTRUCTION" missed="0" covered="26"/><counter type="BRANCH" missed="0" covered="2"/><counter type="LINE" missed="0" covered="9"/><counter type="COMPLEXITY" missed="0" covered="2"/><counter type="METHOD" missed="0" covered="1"/></method><method name="fallbackTo0_2" desc="()V" line="113"><counter type="INSTRUCTION" missed="0" covered="12"/><counter type="LINE" missed="0" covered="3"/><counter type="COMPLEXITY" missed="0" covered="1"/><counter type="METHOD" missed="0" covered="1"/></method><method name="initializeWith0_3" desc="()V" line="118"><counter type="INSTRUCTION" missed="0" covered="15"/><counter type="LINE" missed="0" covered="2"/><counter type="COMPLEXITY" missed="0" covered="1"/><counter type="METHOD" missed="0" covered="1"/></method><method name="startWorker" desc="()V" line="122"><counter type="INSTRUCTION" missed="0" covered="11"/><counter type="LINE" missed="0" covered="3"/><counter type="COMPLEXITY" missed="0" covered="1"/><counter type="METHOD" missed="0" covered="1"/></method><method name="getProxy" desc="(Ljava/lang/Class;[Ljava/lang/Object;)Ljava/lang/Object;" line="143"><counter type="INSTRUCTION" missed="0" covered="39"/><counter type="BRANCH" missed="0" covered="2"/><counter type="LINE" missed="0" covered="7"/><counter type="COMPLEXITY" missed="0" covered="2"/><counter type="METHOD" missed="0" covered="1"/></method><method name="&lt;clinit&gt;" desc="()V" line="22"><counter type="INSTRUCTION" missed="0" covered="4"/><counter type="LINE" missed="0" covered="1"/><counter type="COMPLEXITY" missed="0" covered="1"/><counter type="METHOD" missed="0" covered="1"/></method><counter type="INSTRUCTION" missed="0" covered="188"/><counter type="BRANCH" missed="2" covered="8"/><counter type="LINE" missed="0" covered="51"/><counter type="COMPLEXITY" missed="2" covered="17"/><counter type="METHOD" missed="0" covered="14"/><counter type="CLASS" missed="0" covered="1"/></class><sourcefile name="TraceQueue.java"><line nr="12" mi="0" ci="3" mb="0" cb="0"/><line nr="22" mi="0" ci="4" mb="0" cb="0"/><line nr="23" mi="0" ci="3" mb="0" cb="2"/><line nr="25" mi="0" ci="2" mb="0" cb="0"/><line nr="26" mi="0" ci="5" mb="0" cb="0"/><line nr="28" mi="0" ci="5" mb="0" cb="0"/><line nr="29" mi="5" ci="3" mb="0" cb="0"/><line nr="30" mi="0" ci="1" mb="0" cb="0"/><line nr="40" mi="0" ci="4" mb="0" cb="0"/><line nr="42" mi="0" ci="3" mb="0" cb="2"/><line nr="43" mi="0" ci="3" mb="0" cb="0"/><line nr="45" mi="0" ci="3" mb="0" cb="0"/><line nr="46" mi="0" ci="3" mb="0" cb="0"/><line nr="47" mi="0" ci="8" mb="0" cb="0"/><line nr="48" mi="0" ci="2" mb="0" cb="0"/><counter type="INSTRUCTION" missed="5" covered="52"/><counter type="BRANCH" missed="0" covered="4"/><counter type="LINE" missed="0" covered="15"/><counter type="COMPLEXITY" missed="0" covered="5"/><counter type="METHOD" missed="0" covered="3"/><counter type="CLASS" missed="0" covered="1"/></sourcefile><sourcefile name="Writer.java"><line nr="22" mi="0" ci="4" mb="0" cb="0"/><line nr="23" mi="0" ci="3" mb="0" cb="0"/><line nr="35" mi="0" ci="4" mb="0" cb="0"/><line nr="36" mi="0" ci="4" mb="0" cb="0"/><line nr="37" mi="0" ci="1" mb="0" cb="0"/><line nr="41" mi="0" ci="2" mb="0" cb="0"/><line nr="42" mi="0" ci="5" mb="0" cb="0"/><line nr="43" mi="0" ci="2" mb="0" cb="0"/><line nr="44" mi="0" ci="1" mb="0" cb="0"/><line nr="53" mi="0" ci="3" mb="0" cb="0"/><line nr="54" mi="0" ci="2" mb="1" cb="1"/><line nr="55" mi="0" ci="3" mb="0" cb="0"/><line nr="57" mi="0" ci="1" mb="0" cb="0"/><line nr="63" mi="0" ci="3" mb="0" cb="0"/><line nr="64" mi="0" ci="1" mb="0" cb="0"/><line nr="70" mi="0" ci="7" mb="0" cb="2"/><line nr="80" mi="0" ci="4" mb="0" cb="0"/><line nr="81" mi="0" ci="1" mb="0" cb="0"/><line nr="82" mi="0" ci="3" mb="0" cb="0"/><line nr="83" mi="0" ci="2" mb="0" cb="0"/><line nr="88" mi="0" ci="5" mb="1" cb="1"/><line nr="90" mi="0" ci="3" mb="0" cb="0"/><line nr="91" mi="0" ci="1" mb="0" cb="0"/><line nr="92" mi="0" ci="12" mb="0" cb="0"/><line nr="93" mi="0" ci="6" mb="0" cb="0"/><line nr="94" mi="0" ci="1" mb="0" cb="0"/><line nr="96" mi="0" ci="1" mb="0" cb="0"/><line nr="100" mi="0" ci="6" mb="0" cb="0"/><line nr="101" mi="0" ci="5" mb="0" cb="0"/><line nr="102" mi="0" ci="1" mb="0" cb="0"/><line nr="104" mi="0" ci="4" mb="0" cb="2"/><line nr="105" mi="0" ci="3" mb="0" cb="0"/><line nr="106" mi="0" ci="2" mb="0" cb="0"/><line nr="107" mi="0" ci="3" mb="0" cb="0"/><line nr="109" mi="0" ci="1" mb="0" cb="0"/><line nr="110" mi="0" ci="1" mb="0" cb="0"/><line nr="113" mi="0" ci="8" mb="0" cb="0"/><line nr="114" mi="0" ci="3" mb="0" cb="0"/><line nr="115" mi="0" ci="1" mb="0" cb="0"/><line nr="118" mi="0" ci="14" mb="0" cb="0"/><line nr="119" mi="0" ci="1" mb="0" cb="0"/><line nr="122" mi="0" ci="13" mb="0" cb="0"/><line nr="124" mi="0" ci="3" mb="0" cb="0"/><line nr="125" mi="0" ci="1" mb="0" cb="0"/><line nr="130" mi="0" ci="4" mb="0" cb="0"/><line nr="131" mi="0" ci="2" mb="0" cb="2"/><line nr="132" mi="0" ci="3" mb="0" cb="0"/><line nr="133" mi="0" ci="1" mb="0" cb="0"/><line nr="135" mi="0" ci="4" mb="0" cb="0"/><line nr="136" mi="0" ci="1" mb="0" cb="0"/><line nr="137" mi="0" ci="1" mb="0" cb="0"/><line nr="139" mi="0" ci="3" mb="0" cb="0"/><line nr="140" mi="0" ci="1" mb="0" cb="0"/><line nr="143" mi="0" ci="4" mb="0" cb="0"/><line nr="144" mi="0" ci="16" mb="0" cb="2"/><line nr="145" mi="0" ci="4" mb="0" cb="0"/><line nr="148" mi="0" ci="3" mb="0" cb="0"/><line nr="149" mi="0" ci="5" mb="0" cb="0"/><line nr="150" mi="0" ci="3" mb="0" cb="0"/><line nr="152" mi="0" ci="4" mb="0" cb="0"/><counter type="INSTRUCTION" missed="0" covered="214"/><counter type="BRANCH" missed="2" covered="10"/><counter type="LINE" missed="0" covered="60"/><counter type="COMPLEXITY" missed="2" covered="20"/><counter type="METHOD" missed="0" covered="16"/><counter type="CLASS" missed="0" covered="2"/></sourcefile><counter type="INSTRUCTION" missed="5" covered="266"/><counter type="BRANCH" missed="2" covered="14"/><counter type="LINE" missed="0" covered="75"/><counter type="COMPLEXITY" missed="2" covered="25"/><counter type="METHOD" missed="0" covered="19"/><counter type="CLASS" missed="0" covered="3"/></package><package name="org/honton/chas/datadog/apm/cdi"><class name="org/honton/chas/datadog/apm/cdi/TraceInterceptor"><method name="&lt;init&gt;" desc="()V" line="19"><counter type="INSTRUCTION" missed="0" covered="3"/><counter type="LINE" missed="0" covered="1"/><counter type="COMPLEXITY" missed="0" covered="1"/><counter type="METHOD" missed="0" covered="1"/></method><method name="invokeWithReporting" desc="(Ljavax/interceptor/InvocationContext;)Ljava/lang/Object;" line="25"><counter type="INSTRUCTION" missed="0" covered="51"/><counter type="LINE" missed="0" covered="9"/><counter type="COMPLEXITY" missed="0" covered="1"/><counter type="METHOD" missed="0" covered="1"/></method><counter type="INSTRUCTION" missed="0" covered="54"/><counter type="LINE" missed="0" covered="10"/><counter type="COMPLEXITY" missed="0" covered="2"/><counter type="METHOD" missed="0" covered="2"/><counter type="CLASS" missed="0" covered="1"/></class><class name="org/honton/chas/datadog/apm/cdi/TracerImpl$1"><method name="&lt;init&gt;" desc="(Lorg/honton/chas/datadog/apm/cdi/TracerImpl;)V" line="22"><counter type="INSTRUCTION" missed="0" covered="6"/><counter type="LINE" missed="0" covered="1"/><counter type="COMPLEXITY" missed="0" covered="1"/><counter type="METHOD" missed="0" covered="1"/></method><method name="augment" desc="(Lorg/honton/chas/datadog/apm/SpanBuilder;)V" line="25"><counter type="INSTRUCTION" missed="0" covered="1"/><counter type="LINE" missed="0" covered="1"/><counter type="COMPLEXITY" missed="0" covered="1"/><counter type="METHOD" missed="0" covered="1"/></method><counter type="INSTRUCTION" missed="0" covered="7"/><counter type="LINE" missed="0" covered="2"/><counter type="COMPLEXITY" missed="0" covered="2"/><counter type="METHOD" missed="0" covered="2"/><counter type="CLASS" missed="0" covered="1"/></class><class name="org/honton/chas/datadog/apm/cdi/TracerImpl"><method name="&lt;init&gt;" desc="()V" line="22"><counter type="INSTRUCTION" missed="0" covered="14"/><counter type="LINE" missed="0" covered="4"/><counter type="COMPLEXITY" missed="0" covered="1"/><counter type="METHOD" missed="0" covered="1"/></method><method name="setTraceConfiguration" desc="(Lorg/honton/chas/datadog/apm/TraceConfiguration;)V" line="41"><counter type="INSTRUCTION" missed="0" covered="16"/><counter type="BRANCH" missed="0" covered="2"/><counter type="LINE" missed="0" covered="5"/><counter type="COMPLEXITY" missed="0" covered="2"/><counter type="METHOD" missed="0" covered="1"/></method><method name="executeCallable" desc="(Ljava/lang/String;Ljava/lang/String;Ljava/util/concurrent/Callable;)Ljava/lang/Object;" line="57"><counter type="INSTRUCTION" missed="0" covered="29"/><counter type="LINE" missed="0" covered="7"/><counter type="COMPLEXITY" missed="0" covered="1"/><counter type="METHOD" missed="0" covered="1"/></method><method name="executeRunnable" desc="(Ljava/lang/String;Ljava/lang/String;Ljava/lang/Runnable;)V" line="78"><counter type="INSTRUCTION" missed="0" covered="29"/><counter type="LINE" missed="0" covered="9"/><counter type="COMPLEXITY" missed="0" covered="1"/><counter type="METHOD" missed="0" covered="1"/></method><method name="getCurrentSpan" desc="()Lorg/honton/chas/datadog/apm/SpanBuilder;" line="98"><counter type="INSTRUCTION" missed="0" covered="5"/><counter type="LINE" missed="0" covered="1"/><counter type="COMPLEXITY" missed="0" covered="1"/><counter type="METHOD" missed="0" covered="1"/></method><method name="importSpan" desc="(Lorg/honton/chas/datadog/apm/Tracer$HeaderAccessor;)Lorg/honton/chas/datadog/apm/SpanBuilder;" line="112"><counter type="INSTRUCTION" missed="0" covered="33"/><counter type="BRANCH" missed="0" covered="2"/><counter type="LINE" missed="0" covered="9"/><counter type="COMPLEXITY" missed="0" covered="2"/><counter type="METHOD" missed="0" covered="1"/></method><method name="exportSpan" desc="(Ljava/lang/String;Ljava/lang/String;Lorg/honton/chas/datadog/apm/Tracer$HeaderMutator;)V" line="135"><counter type="INSTRUCTION" missed="0" covered="20"/><counter type="LINE" missed="0" covered="4"/><counter type="COMPLEXITY" missed="0" covered="1"/><counter type="METHOD" missed="0" covered="1"/></method><method name="createSpan" desc="()Lorg/honton/chas/datadog/apm/SpanBuilder;" line="148"><counter type="INSTRUCTION" missed="0" covered="22"/><counter type="BRANCH" missed="0" covered="2"/><counter type="LINE" missed="0" covered="5"/><counter type="COMPLEXITY" missed="0" covered="2"/><counter type="METHOD" missed="0" covered="1"/></method><method name="closeCurrentSpan" desc="()V" line="160"><counter type="INSTRUCTION" missed="0" covered="7"/><counter type="LINE" missed="0" covered="2"/><counter type="COMPLEXITY" missed="0" covered="1"/><counter type="METHOD" missed="0" covered="1"/></method><method name="closeSpan" desc="(Lorg/honton/chas/datadog/apm/SpanBuilder;)V" line="172"><counter type="INSTRUCTION" missed="5" covered="15"/><counter type="LINE" missed="2" covered="5"/><counter type="COMPLEXITY" missed="0" covered="1"/><counter type="METHOD" missed="0" covered="1"/></method><method name="queueSpan" desc="(Lorg/honton/chas/datadog/apm/api/Span;)V" line="181"><counter type="INSTRUCTION" missed="5" covered="0"/><counter type="LINE" missed="2" covered="0"/><counter type="COMPLEXITY" missed="1" covered="0"/><counter type="METHOD" missed="1" covered="0"/></method><method name="createSpan" desc="(Ljava/lang/String;Ljava/lang/String;)Lorg/honton/chas/datadog/apm/SpanBuilder;" line="185"><counter type="INSTRUCTION" missed="0" covered="7"/><counter type="LINE" missed="0" covered="1"/><counter type="COMPLEXITY" missed="0" covered="1"/><counter type="METHOD" missed="0" covered="1"/></method><method name="&lt;clinit&gt;" desc="()V" line="19"><counter type="INSTRUCTION" missed="0" covered="4"/><counter type="LINE" missed="0" covered="1"/><counter type="COMPLEXITY" missed="0" covered="1"/><counter type="METHOD" missed="0" covered="1"/></method><counter type="INSTRUCTION" missed="10" covered="201"/><counter type="BRANCH" missed="0" covered="6"/><counter type="LINE" missed="4" covered="53"/><counter type="COMPLEXITY" missed="1" covered="15"/><counter type="METHOD" missed="1" covered="12"/><counter type="CLASS" missed="0" covered="1"/></class><sourcefile name="TraceInterceptor.java"><line nr="19" mi="0" ci="3" mb="0" cb="0"/><line nr="25" mi="0" ci="4" mb="0" cb="0"/><line nr="27" mi="0" ci="5" mb="0" cb="0"/><line nr="28" mi="0" ci="1" mb="0" cb="0"/><line nr="29" mi="0" ci="4" mb="0" cb="0"/><line nr="30" mi="0" ci="2" mb="0" cb="0"/><line nr="32" mi="0" ci="7" mb="0" cb="0"/><line nr="33" mi="0" ci="18" mb="0" cb="0"/><line nr="34" mi="0" ci="8" mb="0" cb="0"/><line nr="35" mi="0" ci="2" mb="0" cb="0"/><counter type="INSTRUCTION" missed="0" covered="54"/><counter type="LINE" missed="0" covered="10"/><counter type="COMPLEXITY" missed="0" covered="2"/><counter type="METHOD" missed="0" covered="2"/><counter type="CLASS" missed="0" covered="1"/></sourcefile><sourcefile name="TracerImpl.java"><line nr="19" mi="0" ci="4" mb="0" cb="0"/><line nr="22" mi="0" ci="12" mb="0" cb="0"/><line nr="25" mi="0" ci="1" mb="0" cb="0"/><line nr="28" mi="0" ci="5" mb="0" cb="0"/><line nr="36" mi="0" ci="2" mb="0" cb="0"/><line nr="37" mi="0" ci="1" mb="0" cb="0"/><line nr="41" mi="0" ci="4" mb="0" cb="0"/><line nr="42" mi="0" ci="4" mb="0" cb="0"/><line nr="43" mi="0" ci="3" mb="0" cb="2"/><line nr="44" mi="0" ci="4" mb="0" cb="0"/><line nr="46" mi="0" ci="1" mb="0" cb="0"/><line nr="57" mi="0" ci="3" mb="0" cb="0"/><line nr="59" mi="0" ci="5" mb="0" cb="0"/><line nr="61" mi="0" ci="5" mb="0" cb="0"/><line nr="62" mi="0" ci="1" mb="0" cb="0"/><line nr="63" mi="0" ci="4" mb="0" cb="0"/><line nr="64" mi="0" ci="2" mb="0" cb="0"/><line nr="66" mi="0" ci="9" mb="0" cb="0"/><line nr="78" mi="0" ci="4" mb="0" cb="0"/><line nr="80" mi="0" ci="5" mb="0" cb="0"/><line nr="82" mi="0" ci="2" mb="0" cb="0"/><line nr="83" mi="0" ci="1" mb="0" cb="0"/><line nr="84" mi="0" ci="4" mb="0" cb="0"/><line nr="85" mi="0" ci="2" mb="0" cb="0"/><line nr="87" mi="0" ci="9" mb="0" cb="0"/><line nr="88" mi="0" ci="1" mb="0" cb="0"/><line nr="89" mi="0" ci="1" mb="0" cb="0"/><line nr="98" mi="0" ci="5" mb="0" cb="0"/><line nr="112" mi="0" ci="4" mb="0" cb="0"/><line nr="113" mi="0" ci="2" mb="0" cb="2"/><line nr="114" mi="0" ci="3" mb="0" cb="0"/><line nr="116" mi="0" ci="4" mb="0" cb="0"/><line nr="117" mi="0" ci="6" mb="0" cb="0"/><line nr="118" mi="0" ci="4" mb="0" cb="0"/><line nr="120" mi="0" ci="4" mb="0" cb="0"/><line nr="121" mi="0" ci="4" mb="0" cb="0"/><line nr="122" mi="0" ci="2" mb="0" cb="0"/><line nr="135" mi="0" ci="7" mb="0" cb="0"/><line nr="136" mi="0" ci="6" mb="0" cb="0"/><line nr="137" mi="0" ci="6" mb="0" cb="0"/><line nr="138" mi="0" ci="1" mb="0" cb="0"/><line nr="148" mi="0" ci="5" mb="0" cb="0"/><line nr="149" mi="0" ci="7" mb="0" cb="2"/><line nr="150" mi="0" ci="4" mb="0" cb="0"/><line nr="151" mi="0" ci="4" mb="0" cb="0"/><line nr="152" mi="0" ci="2" mb="0" cb="0"/><line nr="160" mi="0" ci="6" mb="0" cb="0"/><line nr="161" mi="0" ci="1" mb="0" cb="0"/><line nr="172" mi="0" ci="5" mb="0" cb="0"/><line nr="173" mi="0" ci="5" mb="0" cb="0"/><line nr="174" mi="0" ci="3" mb="0" cb="0"/><line nr="175" mi="1" ci="0" mb="0" cb="0"/><line nr="176" mi="4" ci="0" mb="0" cb="0"/><line nr="177" mi="0" ci="1" mb="0" cb="0"/><line nr="178" mi="0" ci="1" mb="0" cb="0"/><line nr="181" mi="4" ci="0" mb="0" cb="0"/><line nr="182" mi="1" ci="0" mb="0" cb="0"/><line nr="185" mi="0" ci="7" mb="0" cb="0"/><counter type="INSTRUCTION" missed="10" covered="208"/><counter type="BRANCH" missed="0" covered="6"/><counter type="LINE" missed="4" covered="54"/><counter type="COMPLEXITY" missed="1" covered="17"/><counter type="METHOD" missed="1" covered="14"/><counter type="CLASS" missed="0" covered="2"/></sourcefile><counter type="INSTRUCTION" missed="10" covered="262"/><counter type="BRANCH" missed="0" covered="6"/><counter type="LINE" missed="4" covered="64"/><counter type="COMPLEXITY" missed="1" covered="19"/><counter type="METHOD" missed="1" covered="16"/><counter type="CLASS" missed="0" covered="3"/></package><package name="org/honton/chas/datadog/apm/jackson"><class name="org/honton/chas/datadog/apm/jackson/MsgPackProvider"><method name="&lt;init&gt;" desc="()V" line="24"><counter type="INSTRUCTION" missed="0" covered="9"/><counter type="LINE" missed="0" covered="2"/><counter type="COMPLEXITY" missed="0" covered="1"/><counter type="METHOD" missed="0" covered="1"/></method><method name="hasMatchingMediaType" desc="(Ljavax/ws/rs/core/MediaType;)Z" line="29"><counter type="INSTRUCTION" missed="1" covered="13"/><counter type="BRANCH" missed="2" covered="2"/><counter type="LINE" missed="0" covered="1"/><counter type="COMPLEXITY" missed="2" covered="1"/><counter type="METHOD" missed="0" covered="1"/></method><counter type="INSTRUCTION" missed="1" covered="22"/><counter type="BRANCH" missed="2" covered="2"/><counter type="LINE" missed="0" covered="3"/><counter type="COMPLEXITY" missed="2" covered="2"/><counter type="METHOD" missed="0" covered="2"/><counter type="CLASS" missed="0" covered="1"/></class><sourcefile name="MsgPackProvider.java"><line nr="24" mi="0" ci="8" mb="0" cb="0"/><line nr="25" mi="0" ci="1" mb="0" cb="0"/><line nr="29" mi="1" ci="13" mb="2" cb="2"/><counter type="INSTRUCTION" missed="1" covered="22"/><counter type="BRANCH" missed="2" covered="2"/><counter type="LINE" missed="0" covered="3"/><counter type="COMPLEXITY" missed="2" covered="2"/><counter type="METHOD" missed="0" covered="2"/><counter type="CLASS" missed="0" covered="1"/></sourcefile><counter type="INSTRUCTION" missed="1" covered="22"/><counter type="BRANCH" missed="2" covered="2"/><counter type="LINE" missed="0" covered="3"/><counter type="COMPLEXITY" missed="2" covered="2"/><counter type="METHOD" missed="0" covered="2"/><counter type="CLASS" missed="0" covered="1"/></package><package name="org/honton/chas/datadog/apm"><class name="org/honton/chas/datadog/apm/SpanBuilder"><method name="metric" desc="(Ljava/lang/String;Ljava/lang/Number;)Lorg/honton/chas/datadog/apm/SpanBuilder;" line="105"><counter type="INSTRUCTION" missed="0" covered="16"/><counter type="BRANCH" missed="0" covered="2"/><counter type="LINE" missed="0" covered="4"/><counter type="COMPLEXITY" missed="0" covered="2"/><counter type="METHOD" missed="0" covered="1"/></method><method name="meta" desc="(Ljava/lang/String;Ljava/lang/String;)Lorg/honton/chas/datadog/apm/SpanBuilder;" line="121"><counter type="INSTRUCTION" missed="0" covered="16"/><counter type="BRANCH" missed="0" covered="2"/><counter type="LINE" missed="0" covered="4"/><counter type="COMPLEXITY" missed="0" covered="2"/><counter type="METHOD" missed="0" covered="1"/></method><method name="exception" desc="(Ljava/lang/Throwable;)Lorg/honton/chas/datadog/apm/SpanBuilder;" line="135"><counter type="INSTRUCTION" missed="0" covered="29"/><counter type="LINE" missed="0" covered="6"/><counter type="COMPLEXITY" missed="0" covered="1"/><counter type="METHOD" missed="0" covered="1"/></method><method name="createChild" desc="()Lorg/honton/chas/datadog/apm/SpanBuilder;" line="148"><counter type="INSTRUCTION" missed="0" covered="11"/><counter type="LINE" missed="0" covered="1"/><counter type="COMPLEXITY" missed="0" covered="1"/><counter type="METHOD" missed="0" covered="1"/></method><method name="createRoot" desc="()Lorg/honton/chas/datadog/apm/SpanBuilder;" line="156"><counter type="INSTRUCTION" missed="0" covered="10"/><counter type="LINE" missed="0" covered="2"/><counter type="COMPLEXITY" missed="0" covered="1"/><counter type="METHOD" missed="0" covered="1"/></method><method name="createChild" desc="(JJ)Lorg/honton/chas/datadog/apm/SpanBuilder;" line="167"><counter type="INSTRUCTION" missed="0" covered="9"/><counter type="LINE" missed="0" covered="1"/><counter type="COMPLEXITY" missed="0" covered="1"/><counter type="METHOD" missed="0" covered="1"/></method><method name="finishSpan" desc="(Ljava/lang/String;)Lorg/honton/chas/datadog/apm/api/Span;" line="176"><counter type="INSTRUCTION" missed="0" covered="43"/><counter type="BRANCH" missed="0" covered="4"/><counter type="LINE" missed="0" covered="4"/><counter type="COMPLEXITY" missed="0" covered="3"/><counter type="METHOD" missed="0" covered="1"/></method><method name="copyOf" desc="(Ljava/util/Map;)Ljava/util/Map;" line="185"><counter type="INSTRUCTION" missed="0" covered="6"/><counter type="LINE" missed="0" covered="1"/><counter type="COMPLEXITY" missed="0" covered="1"/><counter type="METHOD" missed="0" covered="1"/></method><method name="createId" desc="()J" line="193"><counter type="INSTRUCTION" missed="0" covered="18"/><counter type="LINE" missed="0" covered="3"/><counter type="COMPLEXITY" missed="0" covered="1"/><counter type="METHOD" missed="0" covered="1"/></method><method name="exceptionToString" desc="(Ljava/lang/Throwable;)Ljava/lang/String;" line="204"><counter type="INSTRUCTION" missed="0" covered="13"/><counter type="LINE" missed="0" covered="3"/><counter type="COMPLEXITY" missed="0" covered="1"/><counter type="METHOD" missed="0" covered="1"/></method><method name="parent" desc="()Lorg/honton/chas/datadog/apm/SpanBuilder;" line="42"><counter type="INSTRUCTION" missed="0" covered="3"/><counter type="LINE" missed="0" covered="1"/><counter type="COMPLEXITY" missed="0" covered="1"/><counter type="METHOD" missed="0" covered="1"/></method><method name="resource" desc="()Ljava/lang/String;" line="47"><counter type="INSTRUCTION" missed="0" covered="3"/><counter type="LINE" missed="0" covered="1"/><counter type="COMPLEXITY" missed="0" covered="1"/><counter type="METHOD" missed="0" covered="1"/></method><method name="operation" desc="()Ljava/lang/String;" line="52"><counter type="INSTRUCTION" missed="0" covered="3"/><counter type="LINE" missed="0" covered="1"/><counter type="COMPLEXITY" missed="0" covered="1"/><counter type="METHOD" missed="0" covered="1"/></method><method name="traceId" desc="()J" line="57"><counter type="INSTRUCTION" missed="0" covered="3"/><counter type="LINE" missed="0" covered="1"/><counter type="COMPLEXITY" missed="0" covered="1"/><counter type="METHOD" missed="0" covered="1"/></method><method name="parentId" desc="()Ljava/lang/Long;" line="62"><counter type="INSTRUCTION" missed="0" covered="3"/><counter type="LINE" missed="0" covered="1"/><counter type="COMPLEXITY" missed="0" covered="1"/><counter type="METHOD" missed="0" covered="1"/></method><method name="spanId" desc="()J" line="67"><counter type="INSTRUCTION" missed="0" covered="3"/><counter type="LINE" missed="0" covered="1"/><counter type="COMPLEXITY" missed="0" covered="1"/><counter type="METHOD" missed="0" covered="1"/></method><method name="type" desc="()Ljava/lang/String;" line="72"><counter type="INSTRUCTION" missed="0" covered="3"/><counter type="LINE" missed="0" covered="1"/><counter type="COMPLEXITY" missed="0" covered="1"/><counter type="METHOD" missed="0" covered="1"/></method><method name="meta" desc="()Ljava/util/Map;" line="77"><counter type="INSTRUCTION" missed="0" covered="3"/><counter type="LINE" missed="0" covered="1"/><counter type="COMPLEXITY" missed="0" covered="1"/><counter type="METHOD" missed="0" covered="1"/></method><method name="metrics" desc="()Ljava/util/Map;" line="82"><counter type="INSTRUCTION" missed="0" covered="3"/><counter type="LINE" missed="0" covered="1"/><counter type="COMPLEXITY" missed="0" covered="1"/><counter type="METHOD" missed="0" covered="1"/></method><method name="error" desc="()I" line="87"><counter type="INSTRUCTION" missed="0" covered="3"/><counter type="LINE" missed="0" covered="1"/><counter type="COMPLEXITY" missed="0" covered="1"/><counter type="METHOD" missed="0" covered="1"/></method><method name="start" desc="()J" line="92"><counter type="INSTRUCTION" missed="3" covered="0"/><counter type="LINE" missed="1" covered="0"/><counter type="COMPLEXITY" missed="1" covered="0"/><counter type="METHOD" missed="1" covered="0"/></method><method name="resource" desc="(Ljava/lang/String;)Lorg/honton/chas/datadog/apm/SpanBuilder;" line="25"><counter type="INSTRUCTION" missed="0" covered="5"/><counter type="LINE" missed="0" covered="1"/><counter type="COMPLEXITY" missed="0" covered="1"/><counter type="METHOD" missed="0" covered="1"/></method><method name="operation" desc="(Ljava/lang/String;)Lorg/honton/chas/datadog/apm/SpanBuilder;" line="25"><counter type="INSTRUCTION" missed="0" covered="5"/><counter type="LINE" missed="0" covered="1"/><counter type="COMPLEXITY" missed="0" covered="1"/><counter type="METHOD" missed="0" covered="1"/></method><method name="type" desc="(Ljava/lang/String;)Lorg/honton/chas/datadog/apm/SpanBuilder;" line="25"><counter type="INSTRUCTION" missed="0" covered="5"/><counter type="LINE" missed="0" covered="1"/><counter type="COMPLEXITY" missed="0" covered="1"/><counter type="METHOD" missed="0" covered="1"/></method><method name="meta" desc="(Ljava/util/Map;)Lorg/honton/chas/datadog/apm/SpanBuilder;" line="25"><counter type="INSTRUCTION" missed="0" covered="5"/><counter type="LINE" missed="0" covered="1"/><counter type="COMPLEXITY" missed="0" covered="1"/><counter type="METHOD" missed="0" covered="1"/></method><method name="metrics" desc="(Ljava/util/Map;)Lorg/honton/chas/datadog/apm/SpanBuilder;" line="25"><counter type="INSTRUCTION" missed="0" covered="5"/><counter type="LINE" missed="0" covered="1"/><counter type="COMPLEXITY" missed="0" covered="1"/><counter type="METHOD" missed="0" covered="1"/></method><method name="error" desc="(I)Lorg/honton/chas/datadog/apm/SpanBuilder;" line="25"><counter type="INSTRUCTION" missed="0" covered="5"/><counter type="LINE" missed="0" covered="1"/><counter type="COMPLEXITY" missed="0" covered="1"/><counter type="METHOD" missed="0" covered="1"/></method><method name="&lt;init&gt;" desc="(Lorg/honton/chas/datadog/apm/SpanBuilder;JLjava/lang/Long;J)V" line="26"><counter type="INSTRUCTION" missed="0" covered="18"/><counter type="LINE" missed="0" covered="2"/><counter type="COMPLEXITY" missed="0" covered="1"/><counter type="METHOD" missed="0" covered="1"/></method><method name="&lt;clinit&gt;" desc="()V" line="40"><counter type="INSTRUCTION" missed="0" covered="11"/><counter type="LINE" missed="0" covered="2"/><counter type="COMPLEXITY" missed="0" covered="1"/><counter type="METHOD" missed="0" covered="1"/></method><counter type="INSTRUCTION" missed="3" covered="260"/><counter type="BRANCH" missed="0" covered="8"/><counter type="LINE" missed="0" covered="44"/><counter type="COMPLEXITY" missed="1" covered="32"/><counter type="METHOD" missed="1" covered="28"/><counter type="CLASS" missed="0" covered="1"/></class><class name="org/honton/chas/datadog/apm/TraceConfiguration"><method name="&lt;init&gt;" desc="(Ljava/lang/String;Ljava/lang/String;J)V" line="35"><counter type="INSTRUCTION" missed="0" covered="7"/><counter type="LINE" missed="0" covered="2"/><counter type="COMPLEXITY" missed="0" covered="1"/><counter type="METHOD" missed="0" covered="1"/></method><method name="getService" desc="()Ljava/lang/String;" line="17"><counter type="INSTRUCTION" missed="0" covered="3"/><counter type="LINE" missed="0" covered="1"/><counter type="COMPLEXITY" missed="0" covered="1"/><counter type="METHOD" missed="0" covered="1"/></method><method name="getCollectorUrl" desc="()Ljava/lang/String;" line="22"><counter type="INSTRUCTION" missed="0" covered="3"/><counter type="LINE" missed="0" covered="1"/><counter type="COMPLEXITY" missed="0" covered="1"/><counter type="METHOD" missed="0" covered="1"/></method><method name="getBackoffDuration" desc="()J" line="27"><counter type="INSTRUCTION" missed="0" covered="3"/><counter type="LINE" missed="0" covered="1"/><counter type="COMPLEXITY" missed="0" covered="1"/><counter type="METHOD" missed="0" covered="1"/></method><method name="getAugmenter" desc="()Lorg/honton/chas/datadog/apm/SpanBuilder$Augmenter;" line="32"><counter type="INSTRUCTION" missed="0" covered="3"/><counter type="LINE" missed="0" covered="1"/><counter type="COMPLEXITY" missed="0" covered="1"/><counter type="METHOD" missed="0" covered="1"/></method><method name="equals" desc="(Ljava/lang/Object;)Z" line="10"><counter type="INSTRUCTION" missed="7" covered="67"/><counter type="BRANCH" missed="5" covered="19"/><counter type="LINE" missed="0" covered="1"/><counter type="COMPLEXITY" missed="4" covered="9"/><counter type="METHOD" missed="0" covered="1"/></method><method name="hashCode" desc="()I" line="10"><counter type="INSTRUCTION" missed="2" covered="60"/><counter type="BRANCH" missed="1" covered="5"/><counter type="LINE" missed="0" covered="1"/><counter type="COMPLEXITY" missed="1" covered="3"/><counter type="METHOD" missed="0" covered="1"/></method><method name="toString" desc="()Ljava/lang/String;" line="10"><counter type="INSTRUCTION" missed="0" covered="27"/><counter type="LINE" missed="0" covered="1"/><counter type="COMPLEXITY" missed="0" covered="1"/><counter type="METHOD" missed="0" covered="1"/></method><method name="&lt;init&gt;" desc="(Ljava/lang/String;Ljava/lang/String;JLorg/honton/chas/datadog/apm/SpanBuilder$Augmenter;)V" line="11"><counter type="INSTRUCTION" missed="0" covered="15"/><counter type="LINE" missed="0" covered="1"/><counter type="COMPLEXITY" missed="0" covered="1"/><counter type="METHOD" missed="0" covered="1"/></method><counter type="INSTRUCTION" missed="9" covered="188"/><counter type="BRANCH" missed="6" covered="24"/><counter type="LINE" missed="0" covered="8"/><counter type="COMPLEXITY" missed="5" covered="19"/><counter type="METHOD" missed="0" covered="9"/><counter type="CLASS" missed="0" covered="1"/></class><sourcefile name="SpanBuilder.java"><line nr="25" mi="0" ci="30" mb="0" cb="0"/><line nr="26" mi="0" ci="15" mb="0" cb="0"/><line nr="40" mi="0" ci="4" mb="0" cb="0"/><line nr="42" mi="0" ci="3" mb="0" cb="0"/><line nr="47" mi="0" ci="3" mb="0" cb="0"/><line nr="52" mi="0" ci="3" mb="0" cb="0"/><line nr="57" mi="0" ci="3" mb="0" cb="0"/><line nr="62" mi="0" ci="3" mb="0" cb="0"/><line nr="67" mi="0" ci="3" mb="0" cb="0"/><line nr="72" mi="0" ci="3" mb="0" cb="0"/><line nr="77" mi="0" ci="3" mb="0" cb="0"/><line nr="82" mi="0" ci="3" mb="0" cb="0"/><line nr="87" mi="0" ci="3" mb="0" cb="0"/><line nr="92" mi="3" ci="3" mb="0" cb="0"/><line nr="94" mi="0" ci="7" mb="0" cb="0"/><line nr="105" mi="0" ci="3" mb="0" cb="2"/><line nr="106" mi="0" ci="5" mb="0" cb="0"/><line nr="108" mi="0" ci="6" mb="0" cb="0"/><line nr="109" mi="0" ci="2" mb="0" cb="0"/><line nr="121" mi="0" ci="3" mb="0" cb="2"/><line nr="122" mi="0" ci="5" mb="0" cb="0"/><line nr="124" mi="0" ci="6" mb="0" cb="0"/><line nr="125" mi="0" ci="2" mb="0" cb="0"/><line nr="135" mi="0" ci="6" mb="0" cb="0"/><line nr="136" mi="0" ci="4" mb="0" cb="0"/><line nr="137" mi="0" ci="4" mb="0" cb="0"/><line nr="138" mi="0" ci="6" mb="0" cb="0"/><line nr="139" mi="0" ci="7" mb="0" cb="0"/><line nr="140" mi="0" ci="2" mb="0" cb="0"/><line nr="148" mi="0" ci="11" mb="0" cb="0"/><line nr="156" mi="0" ci="2" mb="0" cb="0"/><line nr="157" mi="0" ci="8" mb="0" cb="0"/><line nr="167" mi="0" ci="9" mb="0" cb="0"/><line nr="176" mi="0" ci="21" mb="0" cb="2"/><line nr="178" mi="0" ci="8" mb="0" cb="2"/><line nr="179" mi="0" ci="9" mb="0" cb="0"/><line nr="181" mi="0" ci="5" mb="0" cb="0"/><line nr="185" mi="0" ci="6" mb="0" cb="0"/><line nr="193" mi="0" ci="6" mb="0" cb="0"/><line nr="194" mi="0" ci="6" mb="0" cb="0"/><line nr="195" mi="0" ci="6" mb="0" cb="0"/><line nr="204" mi="0" ci="4" mb="0" cb="0"/><line nr="205" mi="0" ci="6" mb="0" cb="0"/><line nr="206" mi="0" ci="3" mb="0" cb="0"/><counter type="INSTRUCTION" missed="3" covered="260"/><counter type="BRANCH" missed="0" covered="8"/><counter type="LINE" missed="0" covered="44"/><counter type="COMPLEXITY" missed="1" covered="32"/><counter type="METHOD" missed="1" covered="28"/><counter type="CLASS" missed="0" covered="1"/></sourcefile><sourcefile name="TraceConfiguration.java"><line nr="10" mi="9" ci="154" mb="6" cb="24"/><line nr="11" mi="0" ci="15" mb="0" cb="0"/><line nr="17" mi="0" ci="3" mb="0" cb="0"/><line nr="22" mi="0" ci="3" mb="0" cb="0"/><line nr="27" mi="0" ci="3" mb="0" cb="0"/><line nr="32" mi="0" ci="3" mb="0" cb="0"/><line nr="35" mi="0" ci="6" mb="0" cb="0"/><line nr="36" mi="0" ci="1" mb="0" cb="0"/><counter type="INSTRUCTION" missed="9" covered="188"/><counter type="BRANCH" missed="6" covered="24"/><counter type="LINE" missed="0" covered="8"/><counter type="COMPLEXITY" missed="5" covered="19"/><counter type="METHOD" missed="0" covered="9"/><counter type="CLASS" missed="0" covered="1"/></sourcefile><counter type="INSTRUCTION" missed="12" covered="448"/><counter type="BRANCH" missed="6" covered="32"/><counter type="LINE" missed="0" covered="52"/><counter type="COMPLEXITY" missed="6" covered="51"/><counter type="METHOD" missed="1" covered="37"/><counter type="CLASS" missed="0" covered="2"/></package><package name="org/honton/chas/datadog/apm/jaxrs"><class name="org/honton/chas/datadog/apm/jaxrs/TraceClientFilter$1"><method name="&lt;init&gt;" desc="(Lorg/honton/chas/datadog/apm/jaxrs/TraceClientFilter;Ljavax/ws/rs/client/ClientRequestContext;)V" line="30"><counter type="INSTRUCTION" missed="0" covered="9"/><counter type="LINE" missed="0" covered="1"/><counter type="COMPLEXITY" missed="0" covered="1"/><counter type="METHOD" missed="0" covered="1"/></method><method name="setValue" desc="(Ljava/lang/String;Ljava/lang/String;)V" line="33"><counter type="INSTRUCTION" missed="0" covered="7"/><counter type="LINE" missed="0" covered="2"/><counter type="COMPLEXITY" missed="0" covered="1"/><counter type="METHOD" missed="0" covered="1"/></method><counter type="INSTRUCTION" missed="0" covered="16"/><counter type="LINE" missed="0" covered="3"/><counter type="COMPLEXITY" missed="0" covered="2"/><counter type="METHOD" missed="0" covered="2"/><counter type="CLASS" missed="0" covered="1"/></class><class name="org/honton/chas/datadog/apm/jaxrs/TraceClientFilter"><method name="&lt;init&gt;" desc="()V" line="15"><counter type="INSTRUCTION" missed="0" covered="3"/><counter type="LINE" missed="0" covered="1"/><counter type="COMPLEXITY" missed="0" covered="1"/><counter type="METHOD" missed="0" covered="1"/></method><method name="setTracer" desc="(Lorg/honton/chas/datadog/apm/Tracer;)V" line="22"><counter type="INSTRUCTION" missed="0" covered="4"/><counter type="LINE" missed="0" covered="2"/><counter type="COMPLEXITY" missed="0" covered="1"/><counter type="METHOD" missed="0" covered="1"/></method><method name="filter" desc="(Ljavax/ws/rs/client/ClientRequestContext;)V" line="27"><counter type="INSTRUCTION" missed="0" covered="39"/><counter type="LINE" missed="0" covered="4"/><counter type="COMPLEXITY" missed="0" covered="1"/><counter type="METHOD" missed="0" covered="1"/></method><method name="filter" desc="(Ljavax/ws/rs/client/ClientRequestContext;Ljavax/ws/rs/client/ClientResponseContext;)V" line="41"><counter type="INSTRUCTION" missed="3" covered="16"/><counter type="BRANCH" missed="3" covered="1"/><counter type="LINE" missed="0" covered="5"/><counter type="COMPLEXITY" missed="2" covered="1"/><counter type="METHOD" missed="0" covered="1"/></method><counter type="INSTRUCTION" missed="3" covered="62"/><counter type="BRANCH" missed="3" covered="1"/><counter type="LINE" missed="0" covered="12"/><counter type="COMPLEXITY" missed="2" covered="4"/><counter type="METHOD" missed="0" covered="4"/><counter type="CLASS" missed="0" covered="1"/></class><sourcefile name="TraceClientFilter.java"><line nr="15" mi="0" ci="3" mb="0" cb="0"/><line nr="22" mi="0" ci="3" mb="0" cb="0"/><line nr="23" mi="0" ci="1" mb="0" cb="0"/><line nr="27" mi="0" ci="3" mb="0" cb="0"/><line nr="28" mi="0" ci="21" mb="0" cb="0"/><line nr="29" mi="0" ci="14" mb="0" cb="0"/><line nr="30" mi="0" ci="9" mb="0" cb="0"/><line nr="33" mi="0" ci="6" mb="0" cb="0"/><line nr="34" mi="0" ci="1" mb="0" cb="0"/><line nr="36" mi="0" ci="1" mb="0" cb="0"/><line nr="41" mi="0" ci="3" mb="0" cb="0"/><line nr="42" mi="3" ci="3" mb="3" cb="1"/><line nr="43" mi="0" ci="6" mb="0" cb="0"/><line nr="45" mi="0" ci="3" mb="0" cb="0"/><line nr="46" mi="0" ci="1" mb="0" cb="0"/><counter type="INSTRUCTION" missed="3" covered="78"/><counter type="BRANCH" missed="3" covered="1"/><counter type="LINE" missed="0" covered="15"/><counter type="COMPLEXITY" missed="2" covered="6"/><counter type="METHOD" missed="0" covered="6"/><counter type="CLASS" missed="0" covered="2"/></sourcefile><counter type="INSTRUCTION" missed="3" covered="78"/><counter type="BRANCH" missed="3" covered="1"/><counter type="LINE" missed="0" covered="15"/><counter type="COMPLEXITY" missed="2" covered="6"/><counter type="METHOD" missed="0" covered="6"/><counter type="CLASS" missed="0" covered="2"/></package><counter type="INSTRUCTION" missed="59" covered="1874"/><counter type="BRANCH" missed="25" covered="141"/><counter type="LINE" missed="8" covered="261"/><counter type="COMPLEXITY" missed="25" covered="178"/><counter type="METHOD" missed="4" covered="116"/><counter type="CLASS" missed="0" covered="18"/></report>